<?xml version="1.0" encoding="UTF-8"?>
<!-- Generated by org.testng.reporters.JUnitReportReporter -->
<testsuite hostname="BGAPPA" name="general_Classes.GettngMethodName_DP" tests="6" failures="0" timestamp="13 Jul 2016 07:43:39 GMT" time="0.016" errors="0">
  <testcase name="method1" time="0.000" classname="general_Classes.GettngMethodName_DP"/>
  <testcase name="method2" time="0.000" classname="general_Classes.GettngMethodName_DP"/>
  <testcase name="method1" time="0.000" classname="general_Classes.GettngMethodName_DP"/>
  <testcase name="method2" time="0.000" classname="general_Classes.GettngMethodName_DP"/>
  <testcase name="method1" time="0.016" classname="general_Classes.GettngMethodName_DP"/>
  <testcase name="method2" time="0.000" classname="general_Classes.GettngMethodName_DP"/>
</testsuite> <!-- general_Classes.GettngMethodName_DP -->
