<?xml version="1.0" encoding="UTF-8"?>
<!-- Generated by org.testng.reporters.JUnitReportReporter -->
<testsuite hostname="BGAPPA" name="lists.WebTableList" tests="1" failures="0" timestamp="7 Aug 2016 16:58:26 GMT" time="18.982" errors="0">
  <testcase name="loopWebTable" time="18.982" classname="lists.WebTableList"/>
</testsuite> <!-- lists.WebTableList -->
