<?xml version="1.0" encoding="UTF-8"?>
<!-- Generated by org.testng.reporters.JUnitReportReporter -->
<testsuite hostname="BGAPPA" name="lists.ToolsqaWebtable" tests="1" failures="0" timestamp="10 Aug 2016 14:08:44 GMT" time="9.481" errors="0">
  <testcase name="Webtable1" time="9.481" classname="lists.ToolsqaWebtable"/>
</testsuite> <!-- lists.ToolsqaWebtable -->
